<?xml version="1.0" encoding="UTF-8"?>

<mule xmlns:data-mapper="http://www.mulesoft.org/schema/mule/ee/data-mapper" xmlns:siebel="http://www.mulesoft.org/schema/mule/siebel" xmlns:db="http://www.mulesoft.org/schema/mule/db"
	xmlns:sfdc="http://www.mulesoft.org/schema/mule/sfdc" xmlns:json="http://www.mulesoft.org/schema/mule/json" xmlns="http://www.mulesoft.org/schema/mule/core" xmlns:doc="http://www.mulesoft.org/schema/mule/documentation" xmlns:spring="http://www.springframework.org/schema/beans" version="EE-3.6.2" xmlns:xsi="http://www.w3.org/2001/XMLSchema-instance" xsi:schemaLocation="http://www.mulesoft.org/schema/mule/db http://www.mulesoft.org/schema/mule/db/current/mule-db.xsd
http://www.springframework.org/schema/beans http://www.springframework.org/schema/beans/spring-beans-current.xsd
http://www.mulesoft.org/schema/mule/core http://www.mulesoft.org/schema/mule/core/current/mule.xsd
http://www.mulesoft.org/schema/mule/sfdc http://www.mulesoft.org/schema/mule/sfdc/current/mule-sfdc.xsd
http://www.mulesoft.org/schema/mule/json http://www.mulesoft.org/schema/mule/json/current/mule-json.xsd
http://www.mulesoft.org/schema/mule/siebel http://www.mulesoft.org/schema/mule/siebel/current/mule-siebel.xsd
http://www.mulesoft.org/schema/mule/ee/data-mapper http://www.mulesoft.org/schema/mule/ee/data-mapper/current/mule-data-mapper.xsd">
    
    <sub-flow name="createAccountsInSalesforceFlow" >
        <sfdc:create config-ref="Salesforce" type="Account" doc:name="Create account in Salesforce">
            <sfdc:objects ref="#[payload]"/>
        </sfdc:create>
        <logger level="INFO" message="Create Accounts in Salesforce result: #[payload]" doc:name="Logger"/>
    </sub-flow>

    <sub-flow name="queryAccountFromSiebelFlow" >
        <siebel:query-business-components config-ref="Oracle_Siebel_Business_Objects" businessObjectComponentType="Account.Account" searchExpression="Name = '#[payload['Name']]'" doc:name="query account from Siebel instance">
            <siebel:fields-to-retrieve>
                <siebel:fields-to-retrieve>Name</siebel:fields-to-retrieve>
                <siebel:fields-to-retrieve>Description</siebel:fields-to-retrieve>
            </siebel:fields-to-retrieve>
        </siebel:query-business-components>

        <logger level="INFO" message="Retrieve Accounts result: #[payload]" doc:name="Logger"/>
    </sub-flow>
    <sub-flow name="deleteAccountsFromSalesforceFlow" >
        <sfdc:delete config-ref="Salesforce" doc:name="delete account from Salesforce">
            <sfdc:ids ref="#[payload]"/>
        </sfdc:delete>
        <logger level="INFO" message="Remove Accounts from Salesforce result: #[payload]" doc:name="Logger"/>
    </sub-flow>
    <sub-flow name="deleteAccountsFromSiebelFlow" >
        <foreach doc:name="For Each">
            <siebel:delete-business-component config-ref="Oracle_Siebel_Business_Objects" businessComponentId="#[payload]" businessObjectComponentType="Account.Account" doc:name="delete account from Siebel"/>
            <logger message="Remove Accounts from Siebel result: #[payload]" level="INFO" doc:name="Logger"/>
        </foreach>
    </sub-flow>
</mule>
